<?xml version="1.0" encoding="utf-8"?><testsuites name="pytest tests"><testsuite name="pytest" errors="0" failures="0" skipped="0" tests="8" time="16.867" timestamp="2026-09-18T00:09:26.534790+02:00" hostname="DESKTOP-CDSJ922"><testcase classname="Tests.test_model.TestQualiteDonnees" name="test_integrite_donnees" time="0.107" /><testcase classname="Tests.test_model.TestQualiteDonnees" name="test_encodage_cible" time="0.012" /><testcase classname="Tests.test_model.TestMetriquesModele" name="test_recall_critique_medical" time="3.510" /><testcase classname="Tests.test_model.TestMetriquesModele" name="test_precision" time="0.044" /><testcase classname="Tests.test_model.TestMetriquesModele" name="test_f1_score" time="0.034" /><testcase classname="Tests.test_model.TestMetriquesModele" name="test_auc_score" time="0.012" /><testcase classname="Tests.test_model.TestRobustesseInference" name="test_inference_mono_exemple" time="0.349" /><testcase classname="Tests.test_model.TestRobustesseInference" name="test_determinisme_prediction" time="0.264" /></testsuite></testsuites>